571  [main] ERROR o.s.b.f.s.DefaultListableBeanFactory - Destroy method on bean with name 'org.springframework.boot.autoconfigure.internalCachingMetadataReaderFactory' threw an exception
java.lang.IllegalStateException: ApplicationEventMulticaster not initialized - call 'refresh' before multicasting events via the context: org.springframework.boot.context.embedded.AnnotationConfigEmbeddedWebApplicationContext@ec756bd: startup date [Sun Aug 13 11:23:11 CST 2017]; root of context hierarchy
	at org.springframework.context.support.AbstractApplicationContext.getApplicationEventMulticaster(AbstractApplicationContext.java:404)
	at org.springframework.context.support.ApplicationListenerDetector.postProcessBeforeDestruction(ApplicationListenerDetector.java:97)
	at org.springframework.beans.factory.support.DisposableBeanAdapter.destroy(DisposableBeanAdapter.java:253)
	at org.springframework.beans.factory.support.DefaultSingletonBeanRegistry.destroyBean(DefaultSingletonBeanRegistry.java:578)
	at org.springframework.beans.factory.support.DefaultSingletonBeanRegistry.destroySingleton(DefaultSingletonBeanRegistry.java:554)
	at org.springframework.beans.factory.support.DefaultListableBeanFactory.destroySingleton(DefaultListableBeanFactory.java:961)
	at org.springframework.beans.factory.support.DefaultSingletonBeanRegistry.destroySingletons(DefaultSingletonBeanRegistry.java:523)
	at org.springframework.beans.factory.support.DefaultListableBeanFactory.destroySingletons(DefaultListableBeanFactory.java:968)
	at org.springframework.context.support.AbstractApplicationContext.destroyBeans(AbstractApplicationContext.java:1033)
	at org.springframework.context.support.AbstractApplicationContext.refresh(AbstractApplicationContext.java:555)
	at org.springframework.boot.context.embedded.EmbeddedWebApplicationContext.refresh(EmbeddedWebApplicationContext.java:122)
	at org.springframework.boot.SpringApplication.refresh(SpringApplication.java:737)
	at org.springframework.boot.SpringApplication.refreshContext(SpringApplication.java:370)
	at org.springframework.boot.SpringApplication.run(SpringApplication.java:314)
	at org.springframework.boot.SpringApplication.run(SpringApplication.java:1162)
	at org.springframework.boot.SpringApplication.run(SpringApplication.java:1151)
	at com.spring.boot.StartBoot.main(StartBoot.java:32)
571  [main] ERROR o.s.boot.SpringApplication - Application startup failed
org.springframework.beans.factory.BeanDefinitionStoreException: Failed to parse configuration class [com.spring.boot.StartBoot]; nested exception is java.io.FileNotFoundException: class path resource [classpath*:jdbc.properties] cannot be opened because it does not exist
	at org.springframework.context.annotation.ConfigurationClassParser.parse(ConfigurationClassParser.java:181)
	at org.springframework.context.annotation.ConfigurationClassPostProcessor.processConfigBeanDefinitions(ConfigurationClassPostProcessor.java:308)
	at org.springframework.context.annotation.ConfigurationClassPostProcessor.postProcessBeanDefinitionRegistry(ConfigurationClassPostProcessor.java:228)
	at org.springframework.context.support.PostProcessorRegistrationDelegate.invokeBeanDefinitionRegistryPostProcessors(PostProcessorRegistrationDelegate.java:270)
	at org.springframework.context.support.PostProcessorRegistrationDelegate.invokeBeanFactoryPostProcessors(PostProcessorRegistrationDelegate.java:93)
	at org.springframework.context.support.AbstractApplicationContext.invokeBeanFactoryPostProcessors(AbstractApplicationContext.java:686)
	at org.springframework.context.support.AbstractApplicationContext.refresh(AbstractApplicationContext.java:524)
	at org.springframework.boot.context.embedded.EmbeddedWebApplicationContext.refresh(EmbeddedWebApplicationContext.java:122)
	at org.springframework.boot.SpringApplication.refresh(SpringApplication.java:737)
	at org.springframework.boot.SpringApplication.refreshContext(SpringApplication.java:370)
	at org.springframework.boot.SpringApplication.run(SpringApplication.java:314)
	at org.springframework.boot.SpringApplication.run(SpringApplication.java:1162)
	at org.springframework.boot.SpringApplication.run(SpringApplication.java:1151)
	at com.spring.boot.StartBoot.main(StartBoot.java:32)
Caused by: java.io.FileNotFoundException: class path resource [classpath*:jdbc.properties] cannot be opened because it does not exist
	at org.springframework.core.io.ClassPathResource.getInputStream(ClassPathResource.java:172)
	at org.springframework.core.io.support.EncodedResource.getInputStream(EncodedResource.java:154)
	at org.springframework.core.io.support.PropertiesLoaderUtils.fillProperties(PropertiesLoaderUtils.java:98)
	at org.springframework.core.io.support.PropertiesLoaderUtils.fillProperties(PropertiesLoaderUtils.java:72)
	at org.springframework.core.io.support.PropertiesLoaderUtils.loadProperties(PropertiesLoaderUtils.java:58)
	at org.springframework.core.io.support.ResourcePropertySource.<init>(ResourcePropertySource.java:65)
	at org.springframework.core.io.support.DefaultPropertySourceFactory.createPropertySource(DefaultPropertySourceFactory.java:36)
	at org.springframework.context.annotation.ConfigurationClassParser.processPropertySource(ConfigurationClassParser.java:440)
	at org.springframework.context.annotation.ConfigurationClassParser.doProcessConfigurationClass(ConfigurationClassParser.java:271)
	at org.springframework.context.annotation.ConfigurationClassParser.processConfigurationClass(ConfigurationClassParser.java:245)
	at org.springframework.context.annotation.ConfigurationClassParser.parse(ConfigurationClassParser.java:190)
	at org.springframework.context.annotation.ConfigurationClassParser.doProcessConfigurationClass(ConfigurationClassParser.java:292)
	at org.springframework.context.annotation.ConfigurationClassParser.processConfigurationClass(ConfigurationClassParser.java:245)
	at org.springframework.context.annotation.ConfigurationClassParser.parse(ConfigurationClassParser.java:198)
	at org.springframework.context.annotation.ConfigurationClassParser.parse(ConfigurationClassParser.java:167)
	... 13 common frames omitted
1787 [main] ERROR o.s.b.f.s.DefaultListableBeanFactory - Destroy method on bean with name 'org.springframework.boot.autoconfigure.internalCachingMetadataReaderFactory' threw an exception
java.lang.IllegalStateException: ApplicationEventMulticaster not initialized - call 'refresh' before multicasting events via the context: org.springframework.boot.context.embedded.AnnotationConfigEmbeddedWebApplicationContext@184cf7cf: startup date [Sun Aug 13 19:46:38 CST 2017]; root of context hierarchy
	at org.springframework.context.support.AbstractApplicationContext.getApplicationEventMulticaster(AbstractApplicationContext.java:404)
	at org.springframework.context.support.ApplicationListenerDetector.postProcessBeforeDestruction(ApplicationListenerDetector.java:97)
	at org.springframework.beans.factory.support.DisposableBeanAdapter.destroy(DisposableBeanAdapter.java:253)
	at org.springframework.beans.factory.support.DefaultSingletonBeanRegistry.destroyBean(DefaultSingletonBeanRegistry.java:578)
	at org.springframework.beans.factory.support.DefaultSingletonBeanRegistry.destroySingleton(DefaultSingletonBeanRegistry.java:554)
	at org.springframework.beans.factory.support.DefaultListableBeanFactory.destroySingleton(DefaultListableBeanFactory.java:961)
	at org.springframework.beans.factory.support.DefaultSingletonBeanRegistry.destroySingletons(DefaultSingletonBeanRegistry.java:523)
	at org.springframework.beans.factory.support.DefaultListableBeanFactory.destroySingletons(DefaultListableBeanFactory.java:968)
	at org.springframework.context.support.AbstractApplicationContext.destroyBeans(AbstractApplicationContext.java:1033)
	at org.springframework.context.support.AbstractApplicationContext.refresh(AbstractApplicationContext.java:555)
	at org.springframework.boot.context.embedded.EmbeddedWebApplicationContext.refresh(EmbeddedWebApplicationContext.java:122)
	at org.springframework.boot.SpringApplication.refresh(SpringApplication.java:737)
	at org.springframework.boot.SpringApplication.refreshContext(SpringApplication.java:370)
	at org.springframework.boot.SpringApplication.run(SpringApplication.java:314)
	at org.springframework.boot.SpringApplication.run(SpringApplication.java:1162)
	at org.springframework.boot.SpringApplication.run(SpringApplication.java:1151)
	at com.boot.shiro.server.StartBoot.main(StartBoot.java:32)
1794 [main] ERROR o.s.boot.SpringApplication - Application startup failed
org.springframework.beans.factory.parsing.BeanDefinitionParsingException: Configuration problem: @Bean method 'getReoteService' must not be private or final; change the method's modifiers to continue
Offending resource: class path resource [com/boot/shiro/server/remote/RemoteConfig.class]
	at org.springframework.beans.factory.parsing.FailFastProblemReporter.error(FailFastProblemReporter.java:70)
	at org.springframework.context.annotation.BeanMethod.validate(BeanMethod.java:50)
	at org.springframework.context.annotation.ConfigurationClass.validate(ConfigurationClass.java:219)
	at org.springframework.context.annotation.ConfigurationClassParser.validate(ConfigurationClassParser.java:207)
	at org.springframework.context.annotation.ConfigurationClassPostProcessor.processConfigBeanDefinitions(ConfigurationClassPostProcessor.java:309)
	at org.springframework.context.annotation.ConfigurationClassPostProcessor.postProcessBeanDefinitionRegistry(ConfigurationClassPostProcessor.java:228)
	at org.springframework.context.support.PostProcessorRegistrationDelegate.invokeBeanDefinitionRegistryPostProcessors(PostProcessorRegistrationDelegate.java:270)
	at org.springframework.context.support.PostProcessorRegistrationDelegate.invokeBeanFactoryPostProcessors(PostProcessorRegistrationDelegate.java:93)
	at org.springframework.context.support.AbstractApplicationContext.invokeBeanFactoryPostProcessors(AbstractApplicationContext.java:686)
	at org.springframework.context.support.AbstractApplicationContext.refresh(AbstractApplicationContext.java:524)
	at org.springframework.boot.context.embedded.EmbeddedWebApplicationContext.refresh(EmbeddedWebApplicationContext.java:122)
	at org.springframework.boot.SpringApplication.refresh(SpringApplication.java:737)
	at org.springframework.boot.SpringApplication.refreshContext(SpringApplication.java:370)
	at org.springframework.boot.SpringApplication.run(SpringApplication.java:314)
	at org.springframework.boot.SpringApplication.run(SpringApplication.java:1162)
	at org.springframework.boot.SpringApplication.run(SpringApplication.java:1151)
	at com.boot.shiro.server.StartBoot.main(StartBoot.java:32)
1101 [main] ERROR o.s.b.f.s.DefaultListableBeanFactory - Destroy method on bean with name 'org.springframework.boot.autoconfigure.internalCachingMetadataReaderFactory' threw an exception
java.lang.IllegalStateException: ApplicationEventMulticaster not initialized - call 'refresh' before multicasting events via the context: org.springframework.boot.context.embedded.AnnotationConfigEmbeddedWebApplicationContext@5bfa9431: startup date [Sun Aug 13 19:47:56 CST 2017]; root of context hierarchy
	at org.springframework.context.support.AbstractApplicationContext.getApplicationEventMulticaster(AbstractApplicationContext.java:404)
	at org.springframework.context.support.ApplicationListenerDetector.postProcessBeforeDestruction(ApplicationListenerDetector.java:97)
	at org.springframework.beans.factory.support.DisposableBeanAdapter.destroy(DisposableBeanAdapter.java:253)
	at org.springframework.beans.factory.support.DefaultSingletonBeanRegistry.destroyBean(DefaultSingletonBeanRegistry.java:578)
	at org.springframework.beans.factory.support.DefaultSingletonBeanRegistry.destroySingleton(DefaultSingletonBeanRegistry.java:554)
	at org.springframework.beans.factory.support.DefaultListableBeanFactory.destroySingleton(DefaultListableBeanFactory.java:961)
	at org.springframework.beans.factory.support.DefaultSingletonBeanRegistry.destroySingletons(DefaultSingletonBeanRegistry.java:523)
	at org.springframework.beans.factory.support.DefaultListableBeanFactory.destroySingletons(DefaultListableBeanFactory.java:968)
	at org.springframework.context.support.AbstractApplicationContext.destroyBeans(AbstractApplicationContext.java:1033)
	at org.springframework.context.support.AbstractApplicationContext.refresh(AbstractApplicationContext.java:555)
	at org.springframework.boot.context.embedded.EmbeddedWebApplicationContext.refresh(EmbeddedWebApplicationContext.java:122)
	at org.springframework.boot.SpringApplication.refresh(SpringApplication.java:737)
	at org.springframework.boot.SpringApplication.refreshContext(SpringApplication.java:370)
	at org.springframework.boot.SpringApplication.run(SpringApplication.java:314)
	at org.springframework.boot.SpringApplication.run(SpringApplication.java:1162)
	at org.springframework.boot.SpringApplication.run(SpringApplication.java:1151)
	at com.boot.shiro.server.StartBoot.main(StartBoot.java:32)
1105 [main] ERROR o.s.boot.SpringApplication - Application startup failed
org.springframework.beans.factory.parsing.BeanDefinitionParsingException: Configuration problem: @Bean method 'getReoteService' must not be private or final; change the method's modifiers to continue
Offending resource: class path resource [com/boot/shiro/server/remote/RemoteConfig.class]
	at org.springframework.beans.factory.parsing.FailFastProblemReporter.error(FailFastProblemReporter.java:70)
	at org.springframework.context.annotation.BeanMethod.validate(BeanMethod.java:50)
	at org.springframework.context.annotation.ConfigurationClass.validate(ConfigurationClass.java:219)
	at org.springframework.context.annotation.ConfigurationClassParser.validate(ConfigurationClassParser.java:207)
	at org.springframework.context.annotation.ConfigurationClassPostProcessor.processConfigBeanDefinitions(ConfigurationClassPostProcessor.java:309)
	at org.springframework.context.annotation.ConfigurationClassPostProcessor.postProcessBeanDefinitionRegistry(ConfigurationClassPostProcessor.java:228)
	at org.springframework.context.support.PostProcessorRegistrationDelegate.invokeBeanDefinitionRegistryPostProcessors(PostProcessorRegistrationDelegate.java:270)
	at org.springframework.context.support.PostProcessorRegistrationDelegate.invokeBeanFactoryPostProcessors(PostProcessorRegistrationDelegate.java:93)
	at org.springframework.context.support.AbstractApplicationContext.invokeBeanFactoryPostProcessors(AbstractApplicationContext.java:686)
	at org.springframework.context.support.AbstractApplicationContext.refresh(AbstractApplicationContext.java:524)
	at org.springframework.boot.context.embedded.EmbeddedWebApplicationContext.refresh(EmbeddedWebApplicationContext.java:122)
	at org.springframework.boot.SpringApplication.refresh(SpringApplication.java:737)
	at org.springframework.boot.SpringApplication.refreshContext(SpringApplication.java:370)
	at org.springframework.boot.SpringApplication.run(SpringApplication.java:314)
	at org.springframework.boot.SpringApplication.run(SpringApplication.java:1162)
	at org.springframework.boot.SpringApplication.run(SpringApplication.java:1151)
	at com.boot.shiro.server.StartBoot.main(StartBoot.java:32)
961  [main] ERROR o.s.b.f.s.DefaultListableBeanFactory - Destroy method on bean with name 'org.springframework.boot.autoconfigure.internalCachingMetadataReaderFactory' threw an exception
java.lang.IllegalStateException: ApplicationEventMulticaster not initialized - call 'refresh' before multicasting events via the context: org.springframework.boot.context.embedded.AnnotationConfigEmbeddedWebApplicationContext@5bfa9431: startup date [Sun Aug 13 19:50:34 CST 2017]; root of context hierarchy
	at org.springframework.context.support.AbstractApplicationContext.getApplicationEventMulticaster(AbstractApplicationContext.java:404)
	at org.springframework.context.support.ApplicationListenerDetector.postProcessBeforeDestruction(ApplicationListenerDetector.java:97)
	at org.springframework.beans.factory.support.DisposableBeanAdapter.destroy(DisposableBeanAdapter.java:253)
	at org.springframework.beans.factory.support.DefaultSingletonBeanRegistry.destroyBean(DefaultSingletonBeanRegistry.java:578)
	at org.springframework.beans.factory.support.DefaultSingletonBeanRegistry.destroySingleton(DefaultSingletonBeanRegistry.java:554)
	at org.springframework.beans.factory.support.DefaultListableBeanFactory.destroySingleton(DefaultListableBeanFactory.java:961)
	at org.springframework.beans.factory.support.DefaultSingletonBeanRegistry.destroySingletons(DefaultSingletonBeanRegistry.java:523)
	at org.springframework.beans.factory.support.DefaultListableBeanFactory.destroySingletons(DefaultListableBeanFactory.java:968)
	at org.springframework.context.support.AbstractApplicationContext.destroyBeans(AbstractApplicationContext.java:1033)
	at org.springframework.context.support.AbstractApplicationContext.refresh(AbstractApplicationContext.java:555)
	at org.springframework.boot.context.embedded.EmbeddedWebApplicationContext.refresh(EmbeddedWebApplicationContext.java:122)
	at org.springframework.boot.SpringApplication.refresh(SpringApplication.java:737)
	at org.springframework.boot.SpringApplication.refreshContext(SpringApplication.java:370)
	at org.springframework.boot.SpringApplication.run(SpringApplication.java:314)
	at org.springframework.boot.SpringApplication.run(SpringApplication.java:1162)
	at org.springframework.boot.SpringApplication.run(SpringApplication.java:1151)
	at com.boot.shiro.server.StartBoot.main(StartBoot.java:32)
964  [main] ERROR o.s.boot.SpringApplication - Application startup failed
org.springframework.beans.factory.parsing.BeanDefinitionParsingException: Configuration problem: @Bean method 'getReoteService' must not be private or final; change the method's modifiers to continue
Offending resource: class path resource [com/boot/shiro/server/remote/RemoteConfig.class]
	at org.springframework.beans.factory.parsing.FailFastProblemReporter.error(FailFastProblemReporter.java:70)
	at org.springframework.context.annotation.BeanMethod.validate(BeanMethod.java:50)
	at org.springframework.context.annotation.ConfigurationClass.validate(ConfigurationClass.java:219)
	at org.springframework.context.annotation.ConfigurationClassParser.validate(ConfigurationClassParser.java:207)
	at org.springframework.context.annotation.ConfigurationClassPostProcessor.processConfigBeanDefinitions(ConfigurationClassPostProcessor.java:309)
	at org.springframework.context.annotation.ConfigurationClassPostProcessor.postProcessBeanDefinitionRegistry(ConfigurationClassPostProcessor.java:228)
	at org.springframework.context.support.PostProcessorRegistrationDelegate.invokeBeanDefinitionRegistryPostProcessors(PostProcessorRegistrationDelegate.java:270)
	at org.springframework.context.support.PostProcessorRegistrationDelegate.invokeBeanFactoryPostProcessors(PostProcessorRegistrationDelegate.java:93)
	at org.springframework.context.support.AbstractApplicationContext.invokeBeanFactoryPostProcessors(AbstractApplicationContext.java:686)
	at org.springframework.context.support.AbstractApplicationContext.refresh(AbstractApplicationContext.java:524)
	at org.springframework.boot.context.embedded.EmbeddedWebApplicationContext.refresh(EmbeddedWebApplicationContext.java:122)
	at org.springframework.boot.SpringApplication.refresh(SpringApplication.java:737)
	at org.springframework.boot.SpringApplication.refreshContext(SpringApplication.java:370)
	at org.springframework.boot.SpringApplication.run(SpringApplication.java:314)
	at org.springframework.boot.SpringApplication.run(SpringApplication.java:1162)
	at org.springframework.boot.SpringApplication.run(SpringApplication.java:1151)
	at com.boot.shiro.server.StartBoot.main(StartBoot.java:32)
996  [main] ERROR o.s.b.f.s.DefaultListableBeanFactory - Destroy method on bean with name 'org.springframework.boot.autoconfigure.internalCachingMetadataReaderFactory' threw an exception
java.lang.IllegalStateException: ApplicationEventMulticaster not initialized - call 'refresh' before multicasting events via the context: org.springframework.boot.context.embedded.AnnotationConfigEmbeddedWebApplicationContext@5bfa9431: startup date [Sun Aug 13 19:51:39 CST 2017]; root of context hierarchy
	at org.springframework.context.support.AbstractApplicationContext.getApplicationEventMulticaster(AbstractApplicationContext.java:404)
	at org.springframework.context.support.ApplicationListenerDetector.postProcessBeforeDestruction(ApplicationListenerDetector.java:97)
	at org.springframework.beans.factory.support.DisposableBeanAdapter.destroy(DisposableBeanAdapter.java:253)
	at org.springframework.beans.factory.support.DefaultSingletonBeanRegistry.destroyBean(DefaultSingletonBeanRegistry.java:578)
	at org.springframework.beans.factory.support.DefaultSingletonBeanRegistry.destroySingleton(DefaultSingletonBeanRegistry.java:554)
	at org.springframework.beans.factory.support.DefaultListableBeanFactory.destroySingleton(DefaultListableBeanFactory.java:961)
	at org.springframework.beans.factory.support.DefaultSingletonBeanRegistry.destroySingletons(DefaultSingletonBeanRegistry.java:523)
	at org.springframework.beans.factory.support.DefaultListableBeanFactory.destroySingletons(DefaultListableBeanFactory.java:968)
	at org.springframework.context.support.AbstractApplicationContext.destroyBeans(AbstractApplicationContext.java:1033)
	at org.springframework.context.support.AbstractApplicationContext.refresh(AbstractApplicationContext.java:555)
	at org.springframework.boot.context.embedded.EmbeddedWebApplicationContext.refresh(EmbeddedWebApplicationContext.java:122)
	at org.springframework.boot.SpringApplication.refresh(SpringApplication.java:737)
	at org.springframework.boot.SpringApplication.refreshContext(SpringApplication.java:370)
	at org.springframework.boot.SpringApplication.run(SpringApplication.java:314)
	at org.springframework.boot.SpringApplication.run(SpringApplication.java:1162)
	at org.springframework.boot.SpringApplication.run(SpringApplication.java:1151)
	at com.boot.shiro.server.StartBoot.main(StartBoot.java:32)
1016 [main] ERROR o.s.boot.SpringApplication - Application startup failed
org.springframework.beans.factory.parsing.BeanDefinitionParsingException: Configuration problem: @Bean method 'getReoteService' must not be private or final; change the method's modifiers to continue
Offending resource: class path resource [com/boot/shiro/server/remote/RemoteConfig.class]
	at org.springframework.beans.factory.parsing.FailFastProblemReporter.error(FailFastProblemReporter.java:70)
	at org.springframework.context.annotation.BeanMethod.validate(BeanMethod.java:50)
	at org.springframework.context.annotation.ConfigurationClass.validate(ConfigurationClass.java:219)
	at org.springframework.context.annotation.ConfigurationClassParser.validate(ConfigurationClassParser.java:207)
	at org.springframework.context.annotation.ConfigurationClassPostProcessor.processConfigBeanDefinitions(ConfigurationClassPostProcessor.java:309)
	at org.springframework.context.annotation.ConfigurationClassPostProcessor.postProcessBeanDefinitionRegistry(ConfigurationClassPostProcessor.java:228)
	at org.springframework.context.support.PostProcessorRegistrationDelegate.invokeBeanDefinitionRegistryPostProcessors(PostProcessorRegistrationDelegate.java:270)
	at org.springframework.context.support.PostProcessorRegistrationDelegate.invokeBeanFactoryPostProcessors(PostProcessorRegistrationDelegate.java:93)
	at org.springframework.context.support.AbstractApplicationContext.invokeBeanFactoryPostProcessors(AbstractApplicationContext.java:686)
	at org.springframework.context.support.AbstractApplicationContext.refresh(AbstractApplicationContext.java:524)
	at org.springframework.boot.context.embedded.EmbeddedWebApplicationContext.refresh(EmbeddedWebApplicationContext.java:122)
	at org.springframework.boot.SpringApplication.refresh(SpringApplication.java:737)
	at org.springframework.boot.SpringApplication.refreshContext(SpringApplication.java:370)
	at org.springframework.boot.SpringApplication.run(SpringApplication.java:314)
	at org.springframework.boot.SpringApplication.run(SpringApplication.java:1162)
	at org.springframework.boot.SpringApplication.run(SpringApplication.java:1151)
	at com.boot.shiro.server.StartBoot.main(StartBoot.java:32)
942  [main] ERROR o.s.b.f.s.DefaultListableBeanFactory - Destroy method on bean with name 'org.springframework.boot.autoconfigure.internalCachingMetadataReaderFactory' threw an exception
java.lang.IllegalStateException: ApplicationEventMulticaster not initialized - call 'refresh' before multicasting events via the context: org.springframework.boot.context.embedded.AnnotationConfigEmbeddedWebApplicationContext@5bfa9431: startup date [Sun Aug 13 19:55:36 CST 2017]; root of context hierarchy
	at org.springframework.context.support.AbstractApplicationContext.getApplicationEventMulticaster(AbstractApplicationContext.java:404)
	at org.springframework.context.support.ApplicationListenerDetector.postProcessBeforeDestruction(ApplicationListenerDetector.java:97)
	at org.springframework.beans.factory.support.DisposableBeanAdapter.destroy(DisposableBeanAdapter.java:253)
	at org.springframework.beans.factory.support.DefaultSingletonBeanRegistry.destroyBean(DefaultSingletonBeanRegistry.java:578)
	at org.springframework.beans.factory.support.DefaultSingletonBeanRegistry.destroySingleton(DefaultSingletonBeanRegistry.java:554)
	at org.springframework.beans.factory.support.DefaultListableBeanFactory.destroySingleton(DefaultListableBeanFactory.java:961)
	at org.springframework.beans.factory.support.DefaultSingletonBeanRegistry.destroySingletons(DefaultSingletonBeanRegistry.java:523)
	at org.springframework.beans.factory.support.DefaultListableBeanFactory.destroySingletons(DefaultListableBeanFactory.java:968)
	at org.springframework.context.support.AbstractApplicationContext.destroyBeans(AbstractApplicationContext.java:1033)
	at org.springframework.context.support.AbstractApplicationContext.refresh(AbstractApplicationContext.java:555)
	at org.springframework.boot.context.embedded.EmbeddedWebApplicationContext.refresh(EmbeddedWebApplicationContext.java:122)
	at org.springframework.boot.SpringApplication.refresh(SpringApplication.java:737)
	at org.springframework.boot.SpringApplication.refreshContext(SpringApplication.java:370)
	at org.springframework.boot.SpringApplication.run(SpringApplication.java:314)
	at org.springframework.boot.SpringApplication.run(SpringApplication.java:1162)
	at org.springframework.boot.SpringApplication.run(SpringApplication.java:1151)
	at com.boot.shiro.server.StartBoot.main(StartBoot.java:32)
946  [main] ERROR o.s.boot.SpringApplication - Application startup failed
org.springframework.beans.factory.parsing.BeanDefinitionParsingException: Configuration problem: @Bean method 'getReoteService' must not be private or final; change the method's modifiers to continue
Offending resource: class path resource [com/boot/shiro/server/remote/RemoteConfig.class]
	at org.springframework.beans.factory.parsing.FailFastProblemReporter.error(FailFastProblemReporter.java:70)
	at org.springframework.context.annotation.BeanMethod.validate(BeanMethod.java:50)
	at org.springframework.context.annotation.ConfigurationClass.validate(ConfigurationClass.java:219)
	at org.springframework.context.annotation.ConfigurationClassParser.validate(ConfigurationClassParser.java:207)
	at org.springframework.context.annotation.ConfigurationClassPostProcessor.processConfigBeanDefinitions(ConfigurationClassPostProcessor.java:309)
	at org.springframework.context.annotation.ConfigurationClassPostProcessor.postProcessBeanDefinitionRegistry(ConfigurationClassPostProcessor.java:228)
	at org.springframework.context.support.PostProcessorRegistrationDelegate.invokeBeanDefinitionRegistryPostProcessors(PostProcessorRegistrationDelegate.java:270)
	at org.springframework.context.support.PostProcessorRegistrationDelegate.invokeBeanFactoryPostProcessors(PostProcessorRegistrationDelegate.java:93)
	at org.springframework.context.support.AbstractApplicationContext.invokeBeanFactoryPostProcessors(AbstractApplicationContext.java:686)
	at org.springframework.context.support.AbstractApplicationContext.refresh(AbstractApplicationContext.java:524)
	at org.springframework.boot.context.embedded.EmbeddedWebApplicationContext.refresh(EmbeddedWebApplicationContext.java:122)
	at org.springframework.boot.SpringApplication.refresh(SpringApplication.java:737)
	at org.springframework.boot.SpringApplication.refreshContext(SpringApplication.java:370)
	at org.springframework.boot.SpringApplication.run(SpringApplication.java:314)
	at org.springframework.boot.SpringApplication.run(SpringApplication.java:1162)
	at org.springframework.boot.SpringApplication.run(SpringApplication.java:1151)
	at com.boot.shiro.server.StartBoot.main(StartBoot.java:32)
990  [main] ERROR o.s.b.f.s.DefaultListableBeanFactory - Destroy method on bean with name 'org.springframework.boot.autoconfigure.internalCachingMetadataReaderFactory' threw an exception
java.lang.IllegalStateException: ApplicationEventMulticaster not initialized - call 'refresh' before multicasting events via the context: org.springframework.boot.context.embedded.AnnotationConfigEmbeddedWebApplicationContext@2fd6b6c7: startup date [Sun Aug 13 19:57:02 CST 2017]; root of context hierarchy
	at org.springframework.context.support.AbstractApplicationContext.getApplicationEventMulticaster(AbstractApplicationContext.java:404)
	at org.springframework.context.support.ApplicationListenerDetector.postProcessBeforeDestruction(ApplicationListenerDetector.java:97)
	at org.springframework.beans.factory.support.DisposableBeanAdapter.destroy(DisposableBeanAdapter.java:253)
	at org.springframework.beans.factory.support.DefaultSingletonBeanRegistry.destroyBean(DefaultSingletonBeanRegistry.java:578)
	at org.springframework.beans.factory.support.DefaultSingletonBeanRegistry.destroySingleton(DefaultSingletonBeanRegistry.java:554)
	at org.springframework.beans.factory.support.DefaultListableBeanFactory.destroySingleton(DefaultListableBeanFactory.java:961)
	at org.springframework.beans.factory.support.DefaultSingletonBeanRegistry.destroySingletons(DefaultSingletonBeanRegistry.java:523)
	at org.springframework.beans.factory.support.DefaultListableBeanFactory.destroySingletons(DefaultListableBeanFactory.java:968)
	at org.springframework.context.support.AbstractApplicationContext.destroyBeans(AbstractApplicationContext.java:1033)
	at org.springframework.context.support.AbstractApplicationContext.refresh(AbstractApplicationContext.java:555)
	at org.springframework.boot.context.embedded.EmbeddedWebApplicationContext.refresh(EmbeddedWebApplicationContext.java:122)
	at org.springframework.boot.SpringApplication.refresh(SpringApplication.java:737)
	at org.springframework.boot.SpringApplication.refreshContext(SpringApplication.java:370)
	at org.springframework.boot.SpringApplication.run(SpringApplication.java:314)
	at org.springframework.boot.SpringApplication.run(SpringApplication.java:1162)
	at org.springframework.boot.SpringApplication.run(SpringApplication.java:1151)
	at com.boot.shiro.server.StartBoot.main(StartBoot.java:32)
994  [main] ERROR o.s.boot.SpringApplication - Application startup failed
org.springframework.beans.factory.parsing.BeanDefinitionParsingException: Configuration problem: @Bean method 'getReoteService' must not be private or final; change the method's modifiers to continue
Offending resource: class path resource [com/boot/shiro/server/remote/RemoteConfig.class]
	at org.springframework.beans.factory.parsing.FailFastProblemReporter.error(FailFastProblemReporter.java:70)
	at org.springframework.context.annotation.BeanMethod.validate(BeanMethod.java:50)
	at org.springframework.context.annotation.ConfigurationClass.validate(ConfigurationClass.java:219)
	at org.springframework.context.annotation.ConfigurationClassParser.validate(ConfigurationClassParser.java:207)
	at org.springframework.context.annotation.ConfigurationClassPostProcessor.processConfigBeanDefinitions(ConfigurationClassPostProcessor.java:309)
	at org.springframework.context.annotation.ConfigurationClassPostProcessor.postProcessBeanDefinitionRegistry(ConfigurationClassPostProcessor.java:228)
	at org.springframework.context.support.PostProcessorRegistrationDelegate.invokeBeanDefinitionRegistryPostProcessors(PostProcessorRegistrationDelegate.java:270)
	at org.springframework.context.support.PostProcessorRegistrationDelegate.invokeBeanFactoryPostProcessors(PostProcessorRegistrationDelegate.java:93)
	at org.springframework.context.support.AbstractApplicationContext.invokeBeanFactoryPostProcessors(AbstractApplicationContext.java:686)
	at org.springframework.context.support.AbstractApplicationContext.refresh(AbstractApplicationContext.java:524)
	at org.springframework.boot.context.embedded.EmbeddedWebApplicationContext.refresh(EmbeddedWebApplicationContext.java:122)
	at org.springframework.boot.SpringApplication.refresh(SpringApplication.java:737)
	at org.springframework.boot.SpringApplication.refreshContext(SpringApplication.java:370)
	at org.springframework.boot.SpringApplication.run(SpringApplication.java:314)
	at org.springframework.boot.SpringApplication.run(SpringApplication.java:1162)
	at org.springframework.boot.SpringApplication.run(SpringApplication.java:1151)
	at com.boot.shiro.server.StartBoot.main(StartBoot.java:32)
976  [main] ERROR o.s.b.f.s.DefaultListableBeanFactory - Destroy method on bean with name 'org.springframework.boot.autoconfigure.internalCachingMetadataReaderFactory' threw an exception
java.lang.IllegalStateException: ApplicationEventMulticaster not initialized - call 'refresh' before multicasting events via the context: org.springframework.boot.context.embedded.AnnotationConfigEmbeddedWebApplicationContext@2fd6b6c7: startup date [Sun Aug 13 20:01:56 CST 2017]; root of context hierarchy
	at org.springframework.context.support.AbstractApplicationContext.getApplicationEventMulticaster(AbstractApplicationContext.java:404)
	at org.springframework.context.support.ApplicationListenerDetector.postProcessBeforeDestruction(ApplicationListenerDetector.java:97)
	at org.springframework.beans.factory.support.DisposableBeanAdapter.destroy(DisposableBeanAdapter.java:253)
	at org.springframework.beans.factory.support.DefaultSingletonBeanRegistry.destroyBean(DefaultSingletonBeanRegistry.java:578)
	at org.springframework.beans.factory.support.DefaultSingletonBeanRegistry.destroySingleton(DefaultSingletonBeanRegistry.java:554)
	at org.springframework.beans.factory.support.DefaultListableBeanFactory.destroySingleton(DefaultListableBeanFactory.java:961)
	at org.springframework.beans.factory.support.DefaultSingletonBeanRegistry.destroySingletons(DefaultSingletonBeanRegistry.java:523)
	at org.springframework.beans.factory.support.DefaultListableBeanFactory.destroySingletons(DefaultListableBeanFactory.java:968)
	at org.springframework.context.support.AbstractApplicationContext.destroyBeans(AbstractApplicationContext.java:1033)
	at org.springframework.context.support.AbstractApplicationContext.refresh(AbstractApplicationContext.java:555)
	at org.springframework.boot.context.embedded.EmbeddedWebApplicationContext.refresh(EmbeddedWebApplicationContext.java:122)
	at org.springframework.boot.SpringApplication.refresh(SpringApplication.java:737)
	at org.springframework.boot.SpringApplication.refreshContext(SpringApplication.java:370)
	at org.springframework.boot.SpringApplication.run(SpringApplication.java:314)
	at org.springframework.boot.SpringApplication.run(SpringApplication.java:1162)
	at org.springframework.boot.SpringApplication.run(SpringApplication.java:1151)
	at com.boot.shiro.server.StartBoot.main(StartBoot.java:32)
981  [main] ERROR o.s.boot.SpringApplication - Application startup failed
org.springframework.beans.factory.parsing.BeanDefinitionParsingException: Configuration problem: @Bean method 'getReoteService' must not be private or final; change the method's modifiers to continue
Offending resource: class path resource [com/boot/shiro/server/remote/RemoteConfig.class]
	at org.springframework.beans.factory.parsing.FailFastProblemReporter.error(FailFastProblemReporter.java:70)
	at org.springframework.context.annotation.BeanMethod.validate(BeanMethod.java:50)
	at org.springframework.context.annotation.ConfigurationClass.validate(ConfigurationClass.java:219)
	at org.springframework.context.annotation.ConfigurationClassParser.validate(ConfigurationClassParser.java:207)
	at org.springframework.context.annotation.ConfigurationClassPostProcessor.processConfigBeanDefinitions(ConfigurationClassPostProcessor.java:309)
	at org.springframework.context.annotation.ConfigurationClassPostProcessor.postProcessBeanDefinitionRegistry(ConfigurationClassPostProcessor.java:228)
	at org.springframework.context.support.PostProcessorRegistrationDelegate.invokeBeanDefinitionRegistryPostProcessors(PostProcessorRegistrationDelegate.java:270)
	at org.springframework.context.support.PostProcessorRegistrationDelegate.invokeBeanFactoryPostProcessors(PostProcessorRegistrationDelegate.java:93)
	at org.springframework.context.support.AbstractApplicationContext.invokeBeanFactoryPostProcessors(AbstractApplicationContext.java:686)
	at org.springframework.context.support.AbstractApplicationContext.refresh(AbstractApplicationContext.java:524)
	at org.springframework.boot.context.embedded.EmbeddedWebApplicationContext.refresh(EmbeddedWebApplicationContext.java:122)
	at org.springframework.boot.SpringApplication.refresh(SpringApplication.java:737)
	at org.springframework.boot.SpringApplication.refreshContext(SpringApplication.java:370)
	at org.springframework.boot.SpringApplication.run(SpringApplication.java:314)
	at org.springframework.boot.SpringApplication.run(SpringApplication.java:1162)
	at org.springframework.boot.SpringApplication.run(SpringApplication.java:1151)
	at com.boot.shiro.server.StartBoot.main(StartBoot.java:32)
967  [main] ERROR o.s.b.f.s.DefaultListableBeanFactory - Destroy method on bean with name 'org.springframework.boot.autoconfigure.internalCachingMetadataReaderFactory' threw an exception
java.lang.IllegalStateException: ApplicationEventMulticaster not initialized - call 'refresh' before multicasting events via the context: org.springframework.boot.context.embedded.AnnotationConfigEmbeddedWebApplicationContext@2fd6b6c7: startup date [Sun Aug 13 20:54:38 CST 2017]; root of context hierarchy
	at org.springframework.context.support.AbstractApplicationContext.getApplicationEventMulticaster(AbstractApplicationContext.java:404)
	at org.springframework.context.support.ApplicationListenerDetector.postProcessBeforeDestruction(ApplicationListenerDetector.java:97)
	at org.springframework.beans.factory.support.DisposableBeanAdapter.destroy(DisposableBeanAdapter.java:253)
	at org.springframework.beans.factory.support.DefaultSingletonBeanRegistry.destroyBean(DefaultSingletonBeanRegistry.java:578)
	at org.springframework.beans.factory.support.DefaultSingletonBeanRegistry.destroySingleton(DefaultSingletonBeanRegistry.java:554)
	at org.springframework.beans.factory.support.DefaultListableBeanFactory.destroySingleton(DefaultListableBeanFactory.java:961)
	at org.springframework.beans.factory.support.DefaultSingletonBeanRegistry.destroySingletons(DefaultSingletonBeanRegistry.java:523)
	at org.springframework.beans.factory.support.DefaultListableBeanFactory.destroySingletons(DefaultListableBeanFactory.java:968)
	at org.springframework.context.support.AbstractApplicationContext.destroyBeans(AbstractApplicationContext.java:1033)
	at org.springframework.context.support.AbstractApplicationContext.refresh(AbstractApplicationContext.java:555)
	at org.springframework.boot.context.embedded.EmbeddedWebApplicationContext.refresh(EmbeddedWebApplicationContext.java:122)
	at org.springframework.boot.SpringApplication.refresh(SpringApplication.java:737)
	at org.springframework.boot.SpringApplication.refreshContext(SpringApplication.java:370)
	at org.springframework.boot.SpringApplication.run(SpringApplication.java:314)
	at org.springframework.boot.SpringApplication.run(SpringApplication.java:1162)
	at org.springframework.boot.SpringApplication.run(SpringApplication.java:1151)
	at com.boot.shiro.server.StartBoot.main(StartBoot.java:32)
971  [main] ERROR o.s.boot.SpringApplication - Application startup failed
org.springframework.beans.factory.parsing.BeanDefinitionParsingException: Configuration problem: @Bean method 'getReoteService' must not be private or final; change the method's modifiers to continue
Offending resource: class path resource [com/boot/shiro/server/remote/RemoteConfig.class]
	at org.springframework.beans.factory.parsing.FailFastProblemReporter.error(FailFastProblemReporter.java:70)
	at org.springframework.context.annotation.BeanMethod.validate(BeanMethod.java:50)
	at org.springframework.context.annotation.ConfigurationClass.validate(ConfigurationClass.java:219)
	at org.springframework.context.annotation.ConfigurationClassParser.validate(ConfigurationClassParser.java:207)
	at org.springframework.context.annotation.ConfigurationClassPostProcessor.processConfigBeanDefinitions(ConfigurationClassPostProcessor.java:309)
	at org.springframework.context.annotation.ConfigurationClassPostProcessor.postProcessBeanDefinitionRegistry(ConfigurationClassPostProcessor.java:228)
	at org.springframework.context.support.PostProcessorRegistrationDelegate.invokeBeanDefinitionRegistryPostProcessors(PostProcessorRegistrationDelegate.java:270)
	at org.springframework.context.support.PostProcessorRegistrationDelegate.invokeBeanFactoryPostProcessors(PostProcessorRegistrationDelegate.java:93)
	at org.springframework.context.support.AbstractApplicationContext.invokeBeanFactoryPostProcessors(AbstractApplicationContext.java:686)
	at org.springframework.context.support.AbstractApplicationContext.refresh(AbstractApplicationContext.java:524)
	at org.springframework.boot.context.embedded.EmbeddedWebApplicationContext.refresh(EmbeddedWebApplicationContext.java:122)
	at org.springframework.boot.SpringApplication.refresh(SpringApplication.java:737)
	at org.springframework.boot.SpringApplication.refreshContext(SpringApplication.java:370)
	at org.springframework.boot.SpringApplication.run(SpringApplication.java:314)
	at org.springframework.boot.SpringApplication.run(SpringApplication.java:1162)
	at org.springframework.boot.SpringApplication.run(SpringApplication.java:1151)
	at com.boot.shiro.server.StartBoot.main(StartBoot.java:32)
967  [main] ERROR o.s.b.f.s.DefaultListableBeanFactory - Destroy method on bean with name 'org.springframework.boot.autoconfigure.internalCachingMetadataReaderFactory' threw an exception
java.lang.IllegalStateException: ApplicationEventMulticaster not initialized - call 'refresh' before multicasting events via the context: org.springframework.boot.context.embedded.AnnotationConfigEmbeddedWebApplicationContext@2fd6b6c7: startup date [Sun Aug 13 20:54:58 CST 2017]; root of context hierarchy
	at org.springframework.context.support.AbstractApplicationContext.getApplicationEventMulticaster(AbstractApplicationContext.java:404)
	at org.springframework.context.support.ApplicationListenerDetector.postProcessBeforeDestruction(ApplicationListenerDetector.java:97)
	at org.springframework.beans.factory.support.DisposableBeanAdapter.destroy(DisposableBeanAdapter.java:253)
	at org.springframework.beans.factory.support.DefaultSingletonBeanRegistry.destroyBean(DefaultSingletonBeanRegistry.java:578)
	at org.springframework.beans.factory.support.DefaultSingletonBeanRegistry.destroySingleton(DefaultSingletonBeanRegistry.java:554)
	at org.springframework.beans.factory.support.DefaultListableBeanFactory.destroySingleton(DefaultListableBeanFactory.java:961)
	at org.springframework.beans.factory.support.DefaultSingletonBeanRegistry.destroySingletons(DefaultSingletonBeanRegistry.java:523)
	at org.springframework.beans.factory.support.DefaultListableBeanFactory.destroySingletons(DefaultListableBeanFactory.java:968)
	at org.springframework.context.support.AbstractApplicationContext.destroyBeans(AbstractApplicationContext.java:1033)
	at org.springframework.context.support.AbstractApplicationContext.refresh(AbstractApplicationContext.java:555)
	at org.springframework.boot.context.embedded.EmbeddedWebApplicationContext.refresh(EmbeddedWebApplicationContext.java:122)
	at org.springframework.boot.SpringApplication.refresh(SpringApplication.java:737)
	at org.springframework.boot.SpringApplication.refreshContext(SpringApplication.java:370)
	at org.springframework.boot.SpringApplication.run(SpringApplication.java:314)
	at org.springframework.boot.SpringApplication.run(SpringApplication.java:1162)
	at org.springframework.boot.SpringApplication.run(SpringApplication.java:1151)
	at com.boot.shiro.server.StartBoots.main(StartBoots.java:32)
971  [main] ERROR o.s.boot.SpringApplication - Application startup failed
org.springframework.beans.factory.parsing.BeanDefinitionParsingException: Configuration problem: @Bean method 'getReoteService' must not be private or final; change the method's modifiers to continue
Offending resource: class path resource [com/boot/shiro/server/remote/RemoteConfig.class]
	at org.springframework.beans.factory.parsing.FailFastProblemReporter.error(FailFastProblemReporter.java:70)
	at org.springframework.context.annotation.BeanMethod.validate(BeanMethod.java:50)
	at org.springframework.context.annotation.ConfigurationClass.validate(ConfigurationClass.java:219)
	at org.springframework.context.annotation.ConfigurationClassParser.validate(ConfigurationClassParser.java:207)
	at org.springframework.context.annotation.ConfigurationClassPostProcessor.processConfigBeanDefinitions(ConfigurationClassPostProcessor.java:309)
	at org.springframework.context.annotation.ConfigurationClassPostProcessor.postProcessBeanDefinitionRegistry(ConfigurationClassPostProcessor.java:228)
	at org.springframework.context.support.PostProcessorRegistrationDelegate.invokeBeanDefinitionRegistryPostProcessors(PostProcessorRegistrationDelegate.java:270)
	at org.springframework.context.support.PostProcessorRegistrationDelegate.invokeBeanFactoryPostProcessors(PostProcessorRegistrationDelegate.java:93)
	at org.springframework.context.support.AbstractApplicationContext.invokeBeanFactoryPostProcessors(AbstractApplicationContext.java:686)
	at org.springframework.context.support.AbstractApplicationContext.refresh(AbstractApplicationContext.java:524)
	at org.springframework.boot.context.embedded.EmbeddedWebApplicationContext.refresh(EmbeddedWebApplicationContext.java:122)
	at org.springframework.boot.SpringApplication.refresh(SpringApplication.java:737)
	at org.springframework.boot.SpringApplication.refreshContext(SpringApplication.java:370)
	at org.springframework.boot.SpringApplication.run(SpringApplication.java:314)
	at org.springframework.boot.SpringApplication.run(SpringApplication.java:1162)
	at org.springframework.boot.SpringApplication.run(SpringApplication.java:1151)
	at com.boot.shiro.server.StartBoots.main(StartBoots.java:32)
