430  [main] INFO  com.spring.boot.StartBoot - Starting StartBoot on LAPTOP-I45ELRFD with PID 15152 (E:\eclipseProject\springboot-demo\springboot-webModule\target\classes started by fengchao in E:\eclipseProject\springboot-demo\springboot-webModule)
430  [main] INFO  com.spring.boot.StartBoot - The following profiles are active: dev
477  [main] INFO  o.s.b.c.e.AnnotationConfigEmbeddedWebApplicationContext - Refreshing org.springframework.boot.context.embedded.AnnotationConfigEmbeddedWebApplicationContext@ec756bd: startup date [Sun Aug 13 11:23:11 CST 2017]; root of context hierarchy
711  [background-preinit] INFO  o.h.validator.internal.util.Version - HV000001: Hibernate Validator 5.3.5.Final
1178 [main] INFO  com.boot.shiro.server.StartBoot - Starting StartBoot on LAPTOP-I45ELRFD with PID 8996 (E:\eclipseProject\springboot-demo\springboot-shiro-server\target\classes started by fengchao in E:\eclipseProject\springboot-demo\springboot-shiro-server)
1180 [main] INFO  com.boot.shiro.server.StartBoot - The following profiles are active: dev
1258 [main] INFO  o.s.b.c.e.AnnotationConfigEmbeddedWebApplicationContext - Refreshing org.springframework.boot.context.embedded.AnnotationConfigEmbeddedWebApplicationContext@184cf7cf: startup date [Sun Aug 13 19:46:38 CST 2017]; root of context hierarchy
1713 [background-preinit] INFO  o.h.validator.internal.util.Version - HV000001: Hibernate Validator 5.3.5.Final
520  [main] INFO  com.boot.shiro.server.StartBoot - Starting StartBoot on LAPTOP-I45ELRFD with PID 6920 (E:\eclipseProject\springboot-demo\springboot-shiro-server\target\classes started by fengchao in E:\eclipseProject\springboot-demo\springboot-shiro-server)
521  [main] INFO  com.boot.shiro.server.StartBoot - The following profiles are active: dev
572  [main] INFO  o.s.b.c.e.AnnotationConfigEmbeddedWebApplicationContext - Refreshing org.springframework.boot.context.embedded.AnnotationConfigEmbeddedWebApplicationContext@5bfa9431: startup date [Sun Aug 13 19:47:56 CST 2017]; root of context hierarchy
836  [background-preinit] INFO  o.h.validator.internal.util.Version - HV000001: Hibernate Validator 5.3.5.Final
455  [main] INFO  com.boot.shiro.server.StartBoot - Starting StartBoot on LAPTOP-I45ELRFD with PID 19920 (E:\eclipseProject\springboot-demo\springboot-shiro-server\target\classes started by fengchao in E:\eclipseProject\springboot-demo\springboot-shiro-server)
455  [main] INFO  com.boot.shiro.server.StartBoot - The following profiles are active: dev
504  [main] INFO  o.s.b.c.e.AnnotationConfigEmbeddedWebApplicationContext - Refreshing org.springframework.boot.context.embedded.AnnotationConfigEmbeddedWebApplicationContext@5bfa9431: startup date [Sun Aug 13 19:50:34 CST 2017]; root of context hierarchy
737  [background-preinit] INFO  o.h.validator.internal.util.Version - HV000001: Hibernate Validator 5.3.5.Final
492  [main] INFO  com.boot.shiro.server.StartBoot - Starting StartBoot on LAPTOP-I45ELRFD with PID 19992 (E:\eclipseProject\springboot-demo\springboot-shiro-server\target\classes started by fengchao in E:\eclipseProject\springboot-demo\springboot-shiro-server)
493  [main] INFO  com.boot.shiro.server.StartBoot - The following profiles are active: dev
548  [main] INFO  o.s.b.c.e.AnnotationConfigEmbeddedWebApplicationContext - Refreshing org.springframework.boot.context.embedded.AnnotationConfigEmbeddedWebApplicationContext@5bfa9431: startup date [Sun Aug 13 19:51:39 CST 2017]; root of context hierarchy
790  [background-preinit] INFO  o.h.validator.internal.util.Version - HV000001: Hibernate Validator 5.3.5.Final
433  [main] INFO  com.boot.shiro.server.StartBoot - Starting StartBoot on LAPTOP-I45ELRFD with PID 6448 (E:\eclipseProject\springboot-demo\springboot-shiro-server\target\classes started by fengchao in E:\eclipseProject\springboot-demo\springboot-shiro-server)
433  [main] INFO  com.boot.shiro.server.StartBoot - The following profiles are active: dev
481  [main] INFO  o.s.b.c.e.AnnotationConfigEmbeddedWebApplicationContext - Refreshing org.springframework.boot.context.embedded.AnnotationConfigEmbeddedWebApplicationContext@5bfa9431: startup date [Sun Aug 13 19:55:36 CST 2017]; root of context hierarchy
710  [background-preinit] INFO  o.h.validator.internal.util.Version - HV000001: Hibernate Validator 5.3.5.Final
469  [main] INFO  com.boot.shiro.server.StartBoot - Starting StartBoot on LAPTOP-I45ELRFD with PID 1656 (E:\eclipseProject\springboot-demo\springboot-shiro-server\target\classes started by fengchao in E:\eclipseProject\springboot-demo\springboot-shiro-server)
470  [main] INFO  com.boot.shiro.server.StartBoot - The following profiles are active: dev
518  [main] INFO  o.s.b.c.e.AnnotationConfigEmbeddedWebApplicationContext - Refreshing org.springframework.boot.context.embedded.AnnotationConfigEmbeddedWebApplicationContext@2fd6b6c7: startup date [Sun Aug 13 19:57:02 CST 2017]; root of context hierarchy
752  [background-preinit] INFO  o.h.validator.internal.util.Version - HV000001: Hibernate Validator 5.3.5.Final
441  [main] INFO  com.boot.shiro.server.StartBoot - Starting StartBoot on LAPTOP-I45ELRFD with PID 7808 (E:\eclipseProject\springboot-demo\springboot-shiro-server\target\classes started by fengchao in E:\eclipseProject\springboot-demo\springboot-shiro-server)
441  [main] INFO  com.boot.shiro.server.StartBoot - The following profiles are active: dev
489  [main] INFO  o.s.b.c.e.AnnotationConfigEmbeddedWebApplicationContext - Refreshing org.springframework.boot.context.embedded.AnnotationConfigEmbeddedWebApplicationContext@2fd6b6c7: startup date [Sun Aug 13 20:01:56 CST 2017]; root of context hierarchy
708  [background-preinit] INFO  o.h.validator.internal.util.Version - HV000001: Hibernate Validator 5.3.5.Final
454  [main] INFO  com.boot.shiro.server.StartBoot - Starting StartBoot on LAPTOP-I45ELRFD with PID 8468 (E:\eclipseProject\springboot-demo\springboot-shiro-server\target\classes started by fengchao in E:\eclipseProject\springboot-demo\springboot-shiro-server)
455  [main] INFO  com.boot.shiro.server.StartBoot - The following profiles are active: dev
500  [main] INFO  o.s.b.c.e.AnnotationConfigEmbeddedWebApplicationContext - Refreshing org.springframework.boot.context.embedded.AnnotationConfigEmbeddedWebApplicationContext@2fd6b6c7: startup date [Sun Aug 13 20:54:38 CST 2017]; root of context hierarchy
744  [background-preinit] INFO  o.h.validator.internal.util.Version - HV000001: Hibernate Validator 5.3.5.Final
461  [main] INFO  com.boot.shiro.server.StartBoots - Starting StartBoots on LAPTOP-I45ELRFD with PID 17604 (E:\eclipseProject\springboot-demo\springboot-shiro-server\target\classes started by fengchao in E:\eclipseProject\springboot-demo\springboot-shiro-server)
462  [main] INFO  com.boot.shiro.server.StartBoots - The following profiles are active: dev
509  [main] INFO  o.s.b.c.e.AnnotationConfigEmbeddedWebApplicationContext - Refreshing org.springframework.boot.context.embedded.AnnotationConfigEmbeddedWebApplicationContext@2fd6b6c7: startup date [Sun Aug 13 20:54:58 CST 2017]; root of context hierarchy
753  [background-preinit] INFO  o.h.validator.internal.util.Version - HV000001: Hibernate Validator 5.3.5.Final
